<?xml version="1.0" encoding="UTF-8"?>
<!-- Generated by org.testng.reporters.JUnitReportReporter -->
<testsuite hostname="DESKTOP-F6JCJPC" failures="0" tests="1" name="in.qa.testcases.AmazonProductTC" time="45.737" errors="0" timestamp="2022-06-19T17:42:23 IST" skipped="0">
  <testcase classname="in.qa.testcases.AmazonProductTC" name="searchProdcut" time="45.737"/>
  <system-out/>
</testsuite> <!-- in.qa.testcases.AmazonProductTC -->
